app/build/outputs/logs/manifest-merger-debug-report.txt
-- Merging decision tree log ---
manifest
ADDED from src\main\AndroidManifest.xml:2:1-91:12
INJECTED from src\main\AndroidManifest.xml:2:1-91:12
INJECTED from src\main\AndroidManifest.xml:2:1-91:12
INJECTED from src\main\AndroidManifest.xml:2:1-91:12
MERGED from [:okhttputils] AndroidManifest.xml:2:1-11:12
MERGED from [me.weyye.hipermission:library:1.0.7] AndroidManifest.xml:2:1-21:12
MERGED from [com.android.support:appcompat-v7:27.1.1] AndroidManifest.xml:17:1-22:12
MERGED from [com.android.support.constraint:constraint-layout:1.0.2] AndroidManifest.xml:2:1-11:12
MERGED from [com.jakewharton:butterknife:8.4.0] AndroidManifest.xml:2:1-7:12
MERGED from [com.scwang.smartrefresh:SmartRefreshLayout:1.1.0-alpha-14] AndroidManifest.xml:2:1-17:12
MERGED from [com.scwang.smartrefresh:SmartRefreshHeader:1.1.0-alpha-14] AndroidManifest.xml:2:1-17:12
MERGED from [com.android.support:recyclerview-v7:26.1.0] AndroidManifest.xml:17:1-28:12
MERGED from [com.android.support:support-fragment:27.1.1] AndroidManifest.xml:17:1-22:12
MERGED from [com.android.support:animated-vector-drawable:27.1.1] AndroidManifest.xml:17:1-22:12
MERGED from [com.android.support:support-core-ui:27.1.1] AndroidManifest.xml:17:1-22:12
MERGED from [com.android.support:support-core-utils:27.1.1] AndroidManifest.xml:17:1-22:12
MERGED from [com.android.support:support-vector-drawable:27.1.1] AndroidManifest.xml:17:1-22:12
MERGED from [com.android.support:support-compat:27.1.1] AndroidManifest.xml:17:1-22:12
MERGED from [android.arch.lifecycle:runtime:1.1.0] AndroidManifest.xml:17:1-22:12
MERGED from [android.arch.lifecycle:livedata-core:1.1.0] AndroidManifest.xml:17:1-22:12
MERGED from [android.arch.core:runtime:1.1.0] AndroidManifest.xml:17:1-22:12
MERGED from [android.arch.lifecycle:viewmodel:1.1.0] AndroidManifest.xml:17:1-22:12
INJECTED from src\main\AndroidManifest.xml:2:1-91:12
INJECTED from src\main\AndroidManifest.xml:2:1-91:12
INJECTED from src\main\AndroidManifest.xml:2:1-91:12
	package
		ADDED from src\main\AndroidManifest.xml:3:5-28
		INJECTED from src\main\AndroidManifest.xml
		INJECTED from src\main\AndroidManifest.xml
	android:versionName
		INJECTED from src\main\AndroidManifest.xml
		ADDED from src\main\AndroidManifest.xml:2:1-91:12
		INJECTED from src\main\AndroidManifest.xml
	android:versionCode
		INJECTED from src\main\AndroidManifest.xml
		ADDED from src\main\AndroidManifest.xml:2:1-91:12
		INJECTED from src\main\AndroidManifest.xml
	xmlns:android
		ADDED from src\main\AndroidManifest.xml:2:11-69
uses-permission#android.permission.ACCESS_NETWORK_STATE
ADDED from src\main\AndroidManifest.xml:5:5-79
	android:name
		ADDED from src\main\AndroidManifest.xml:5:22-76
uses-permission#android.permission.WRITE_EXTERNAL_STORAGE
ADDED from src\main\AndroidManifest.xml:6:5-81
	android:name
		ADDED from src\main\AndroidManifest.xml:6:22-78
uses-permission#android.permission.INTERNET
ADDED from src\main\AndroidManifest.xml:7:5-67
	android:name
		ADDED from src\main\AndroidManifest.xml:7:22-64
application
ADDED from src\main\AndroidManifest.xml:9:5-89:19
MERGED from [me.weyye.hipermission:library:1.0.7] AndroidManifest.xml:11:5-19:19
MERGED from [me.weyye.hipermission:library:1.0.7] AndroidManifest.xml:11:5-19:19
MERGED from [com.android.support.constraint:constraint-layout:1.0.2] AndroidManifest.xml:9:5-20
MERGED from [com.android.support.constraint:constraint-layout:1.0.2] AndroidManifest.xml:9:5-20
MERGED from [com.scwang.smartrefresh:SmartRefreshLayout:1.1.0-alpha-14] AndroidManifest.xml:11:5-15:19
MERGED from [com.scwang.smartrefresh:SmartRefreshLayout:1.1.0-alpha-14] AndroidManifest.xml:11:5-15:19
MERGED from [com.scwang.smartrefresh:SmartRefreshHeader:1.1.0-alpha-14] AndroidManifest.xml:11:5-15:19
MERGED from [com.scwang.smartrefresh:SmartRefreshHeader:1.1.0-alpha-14] AndroidManifest.xml:11:5-15:19
MERGED from [com.android.support:recyclerview-v7:26.1.0] AndroidManifest.xml:22:5-26:19
MERGED from [com.android.support:recyclerview-v7:26.1.0] AndroidManifest.xml:22:5-26:19
	android:supportsRtl
		ADDED from src\main\AndroidManifest.xml:15:9-35
	android:label
		ADDED from src\main\AndroidManifest.xml:13:9-41
	android:roundIcon
		ADDED from src\main\AndroidManifest.xml:14:9-54
	android:icon
		ADDED from src\main\AndroidManifest.xml:12:9-43
	android:allowBackup
		ADDED from src\main\AndroidManifest.xml:11:9-35
	android:theme
		ADDED from src\main\AndroidManifest.xml:16:9-40
	android:name
		ADDED from src\main\AndroidManifest.xml:10:9-46
activity#com.zhide.app.view.activity.MainActivity
ADDED from src\main\AndroidManifest.xml:17:9-20:52
	android:screenOrientation
		ADDED from src\main\AndroidManifest.xml:20:13-49
	android:launchMode
		ADDED from src\main\AndroidManifest.xml:19:13-44
	android:name
		ADDED from src\main\AndroidManifest.xml:18:13-55
provider#android.support.v4.content.FileProvider
ADDED from src\main\AndroidManifest.xml:22:9-30:20
	android:grantUriPermissions
		ADDED from src\main\AndroidManifest.xml:26:13-47
	android:authorities
		ADDED from src\main\AndroidManifest.xml:24:13-61
	android:exported
		ADDED from src\main\AndroidManifest.xml:25:13-37
	android:name
		ADDED from src\main\AndroidManifest.xml:23:13-67
meta-data#android.support.FILE_PROVIDER_PATHS
ADDED from src\main\AndroidManifest.xml:27:13-29:58
	android:resource
		ADDED from src\main\AndroidManifest.xml:29:17-55
	android:name
		ADDED from src\main\AndroidManifest.xml:28:17-67
service#com.zhide.app.apkUpdate.DownloadService
ADDED from src\main\AndroidManifest.xml:32:9-35:40
	android:enabled
		ADDED from src\main\AndroidManifest.xml:34:13-35
	android:exported
		ADDED from src\main\AndroidManifest.xml:35:13-37
	android:name
		ADDED from src\main\AndroidManifest.xml:33:13-54
activity#com.zhide.app.view.activity.LoginActivity
ADDED from src\main\AndroidManifest.xml:37:9-46:20
	android:screenOrientation
		ADDED from src\main\AndroidManifest.xml:40:13-49
	android:launchMode
		ADDED from src\main\AndroidManifest.xml:39:13-44
	android:name
		ADDED from src\main\AndroidManifest.xml:38:13-56
intent-filter#android.intent.action.MAIN+android.intent.category.LAUNCHER
ADDED from src\main\AndroidManifest.xml:41:13-45:29
action#android.intent.action.MAIN
ADDED from src\main\AndroidManifest.xml:42:17-69
	android:name
		ADDED from src\main\AndroidManifest.xml:42:25-66
category#android.intent.category.LAUNCHER
ADDED from src\main\AndroidManifest.xml:44:17-77
	android:name
		ADDED from src\main\AndroidManifest.xml:44:27-74
activity#com.zhide.app.view.activity.RechargeActivity
ADDED from src\main\AndroidManifest.xml:47:9-50:52
	android:screenOrientation
		ADDED from src\main\AndroidManifest.xml:50:13-49
	android:launchMode
		ADDED from src\main\AndroidManifest.xml:49:13-44
	android:name
		ADDED from src\main\AndroidManifest.xml:48:13-59
activity#com.zhide.app.view.activity.ShowerMainActivity
ADDED from src\main\AndroidManifest.xml:51:9-54:52
	android:screenOrientation
		ADDED from src\main\AndroidManifest.xml:54:13-49
	android:launchMode
		ADDED from src\main\AndroidManifest.xml:53:13-44
	android:name
		ADDED from src\main\AndroidManifest.xml:52:13-61
activity#com.zhide.app.view.activity.ShowerConnectActivity
ADDED from src\main\AndroidManifest.xml:55:9-58:52
	android:screenOrientation
		ADDED from src\main\AndroidManifest.xml:58:13-49
	android:launchMode
		ADDED from src\main\AndroidManifest.xml:57:13-44
	android:name
		ADDED from src\main\AndroidManifest.xml:56:13-64
activity#com.zhide.app.view.activity.ShowerAdminActivity
ADDED from src\main\AndroidManifest.xml:59:9-62:52
	android:screenOrientation
		ADDED from src\main\AndroidManifest.xml:62:13-49
	android:launchMode
		ADDED from src\main\AndroidManifest.xml:61:13-44
	android:name
		ADDED from src\main\AndroidManifest.xml:60:13-62
activity#com.zhide.app.view.activity.WithdrawActivity
ADDED from src\main\AndroidManifest.xml:63:9-66:52
	android:screenOrientation
		ADDED from src\main\AndroidManifest.xml:66:13-49
	android:launchMode
		ADDED from src\main\AndroidManifest.xml:65:13-44
	android:name
		ADDED from src\main\AndroidManifest.xml:64:13-59
activity#com.zhide.app.view.activity.ResetPswActivity
ADDED from src\main\AndroidManifest.xml:67:9-69:52
	android:screenOrientation
		ADDED from src\main\AndroidManifest.xml:69:13-49
	android:name
		ADDED from src\main\AndroidManifest.xml:68:13-59
activity#com.zhide.app.wxapi.WXPayEntryActivity
ADDED from src\main\AndroidManifest.xml:70:9-82:20
	android:screenOrientation
		ADDED from src\main\AndroidManifest.xml:74:13-49
	android:launchMode
		ADDED from src\main\AndroidManifest.xml:73:13-43
	android:exported
		ADDED from src\main\AndroidManifest.xml:72:13-36
	android:name
		ADDED from src\main\AndroidManifest.xml:71:13-53
intent-filter#android.intent.action.VIEW+android.intent.category.DEFAULT
ADDED from src\main\AndroidManifest.xml:75:13-81:29
action#android.intent.action.VIEW
ADDED from src\main\AndroidManifest.xml:76:17-69
	android:name
		ADDED from src\main\AndroidManifest.xml:76:25-66
category#android.intent.category.DEFAULT
ADDED from src\main\AndroidManifest.xml:78:17-76
	android:name
		ADDED from src\main\AndroidManifest.xml:78:27-73
data
ADDED from src\main\AndroidManifest.xml:80:17-56
	android:scheme
		ADDED from src\main\AndroidManifest.xml:80:23-53
activity#com.zhide.app.view.activity.MyBillActivity
ADDED from src\main\AndroidManifest.xml:83:9-85:52
	android:screenOrientation
		ADDED from src\main\AndroidManifest.xml:85:13-49
	android:name
		ADDED from src\main\AndroidManifest.xml:84:13-57
activity#com.zhide.app.view.base.WebViewActivity
ADDED from src\main\AndroidManifest.xml:86:9-88:52
	android:screenOrientation
		ADDED from src\main\AndroidManifest.xml:88:13-49
	android:name
		ADDED from src\main\AndroidManifest.xml:87:13-54
uses-sdk
INJECTED from src\main\AndroidManifest.xml reason: use-sdk injection requested
INJECTED from src\main\AndroidManifest.xml
INJECTED from src\main\AndroidManifest.xml
MERGED from [:okhttputils] AndroidManifest.xml:7:5-9:41
MERGED from [:okhttputils] AndroidManifest.xml:7:5-9:41
MERGED from [me.weyye.hipermission:library:1.0.7] AndroidManifest.xml:7:5-9:41
MERGED from [me.weyye.hipermission:library:1.0.7] AndroidManifest.xml:7:5-9:41
MERGED from [com.android.support:appcompat-v7:27.1.1] AndroidManifest.xml:20:5-44
MERGED from [com.android.support:appcompat-v7:27.1.1] AndroidManifest.xml:20:5-44
MERGED from [com.android.support.constraint:constraint-layout:1.0.2] AndroidManifest.xml:5:5-7:41
MERGED from [com.android.support.constraint:constraint-layout:1.0.2] AndroidManifest.xml:5:5-7:41
MERGED from [com.jakewharton:butterknife:8.4.0] AndroidManifest.xml:5:5-43
MERGED from [com.jakewharton:butterknife:8.4.0] AndroidManifest.xml:5:5-43
MERGED from [com.scwang.smartrefresh:SmartRefreshLayout:1.1.0-alpha-14] AndroidManifest.xml:7:5-9:41
MERGED from [com.scwang.smartrefresh:SmartRefreshLayout:1.1.0-alpha-14] AndroidManifest.xml:7:5-9:41
MERGED from [com.scwang.smartrefresh:SmartRefreshHeader:1.1.0-alpha-14] AndroidManifest.xml:7:5-9:41
MERGED from [com.scwang.smartrefresh:SmartRefreshHeader:1.1.0-alpha-14] AndroidManifest.xml:7:5-9:41
MERGED from [com.android.support:recyclerview-v7:26.1.0] AndroidManifest.xml:20:5-44
MERGED from [com.android.support:recyclerview-v7:26.1.0] AndroidManifest.xml:20:5-44
MERGED from [com.android.support:support-fragment:27.1.1] AndroidManifest.xml:20:5-44
MERGED from [com.android.support:support-fragment:27.1.1] AndroidManifest.xml:20:5-44
MERGED from [com.android.support:animated-vector-drawable:27.1.1] AndroidManifest.xml:20:5-44
MERGED from [com.android.support:animated-vector-drawable:27.1.1] AndroidManifest.xml:20:5-44
MERGED from [com.android.support:support-core-ui:27.1.1] AndroidManifest.xml:20:5-44
MERGED from [com.android.support:support-core-ui:27.1.1] AndroidManifest.xml:20:5-44
MERGED from [com.android.support:support-core-utils:27.1.1] AndroidManifest.xml:20:5-44
MERGED from [com.android.support:support-core-utils:27.1.1] AndroidManifest.xml:20:5-44
MERGED from [com.android.support:support-vector-drawable:27.1.1] AndroidManifest.xml:20:5-44
MERGED from [com.android.support:support-vector-drawable:27.1.1] AndroidManifest.xml:20:5-44
MERGED from [com.android.support:support-compat:27.1.1] AndroidManifest.xml:20:5-44
MERGED from [com.android.support:support-compat:27.1.1] AndroidManifest.xml:20:5-44
MERGED from [android.arch.lifecycle:runtime:1.1.0] AndroidManifest.xml:20:5-44
MERGED from [android.arch.lifecycle:runtime:1.1.0] AndroidManifest.xml:20:5-44
MERGED from [android.arch.lifecycle:livedata-core:1.1.0] AndroidManifest.xml:20:5-44
MERGED from [android.arch.lifecycle:livedata-core:1.1.0] AndroidManifest.xml:20:5-44
MERGED from [android.arch.core:runtime:1.1.0] AndroidManifest.xml:20:5-44
MERGED from [android.arch.core:runtime:1.1.0] AndroidManifest.xml:20:5-44
MERGED from [android.arch.lifecycle:viewmodel:1.1.0] AndroidManifest.xml:20:5-44
MERGED from [android.arch.lifecycle:viewmodel:1.1.0] AndroidManifest.xml:20:5-44
INJECTED from src\main\AndroidManifest.xml
INJECTED from src\main\AndroidManifest.xml
	android:targetSdkVersion
		INJECTED from src\main\AndroidManifest.xml
		ADDED from src\main\AndroidManifest.xml
		INJECTED from src\main\AndroidManifest.xml
	android:minSdkVersion
		INJECTED from src\main\AndroidManifest.xml
		ADDED from src\main\AndroidManifest.xml
		INJECTED from src\main\AndroidManifest.xml
activity#me.weyye.hipermission.PermissionActivity
ADDED from [me.weyye.hipermission:library:1.0.7] AndroidManifest.xml:14:9-18:57
	android:screenOrientation
		ADDED from [me.weyye.hipermission:library:1.0.7] AndroidManifest.xml:17:13-49
	android:configChanges
		ADDED from [me.weyye.hipermission:library:1.0.7] AndroidManifest.xml:16:13-63
	android:theme
		ADDED from [me.weyye.hipermission:library:1.0.7] AndroidManifest.xml:18:13-54
	android:name
		ADDED from [me.weyye.hipermission:library:1.0.7] AndroidManifest.xml:15:13-68
meta-data#android.support.VERSION
ADDED from [com.android.support:recyclerview-v7:26.1.0] AndroidManifest.xml:23:9-25:38
	android:value
		ADDED from [com.android.support:recyclerview-v7:26.1.0] AndroidManifest.xml:25:13-35
	android:name
		ADDED from [com.android.support:recyclerview-v7:26.1.0] AndroidManifest.xml:24:13-51